<?xml version="1.0" encoding="UTF-8"?>
<!-- Generated by org.testng.reporters.JUnitXMLReporter -->
<testsuite ignored="3" hostname="DESKTOP-AQPPAKT" failures="1" tests="1" name="MyTest" time="0.069" errors="0" timestamp="2023-03-28T16:11:12 IST">
  <testcase classname="randomData_devEnv.Verify_LoginPage" name="loginPage" time="0.017">
    <failure type="java.lang.NullPointerException" message="Cannot invoke &amp;quot;com.aventstack.extentreports.ExtentReports.createTest(String)&amp;quot; because &amp;quot;randomData_devEnv.Verify_LoginPage.report&amp;quot; is null">
      <![CDATA[java.lang.NullPointerException: Cannot invoke "com.aventstack.extentreports.ExtentReports.createTest(String)" because "randomData_devEnv.Verify_LoginPage.report" is null
at randomData_devEnv.Verify_LoginPage.loginPage(Verify_LoginPage.java:14)
at java.base/java.util.ArrayList.forEach(ArrayList.java:1511)
... Removed 25 stack frames]]>
    </failure>
  </testcase> <!-- loginPage -->
  <testcase classname="randomData_devEnv.Verify_ProjectSetup_Roles" name="editRole" time="0.0">
    <ignored/>
  </testcase> <!-- editRole -->
  <testcase classname="randomData_devEnv.Verify_ProjectSetup_Roles" name="kjfhds" time="0.0">
    <ignored/>
  </testcase> <!-- kjfhds -->
  <testcase classname="randomData_devEnv.Verify_ProjectSetup_Roles" name="addRole" time="0.0">
    <ignored/>
  </testcase> <!-- addRole -->
</testsuite> <!-- MyTest -->
