<?xml version="1.0" encoding="UTF-8"?>
<!-- Generated by org.testng.reporters.JUnitXMLReporter -->
<testsuite ignored="12" hostname="DESKTOP-MHD5K99" failures="5" tests="23" name="Test" time="1603.247" errors="0" timestamp="2023-08-01T19:51:21 IST">
  <testcase classname="Regression.BaseClass" name="@AfterClass closeBrowser" time="3.006">
    <failure type="org.openqa.selenium.WebDriverException" message="disconnected: not connected to DevTools
  (failed to check if window was closed: disconnected: not connected to DevTools)
  (Session info: chrome=115.0.5790.110)
Build info: version: &amp;apos;4.4.0&amp;apos;, revision: &amp;apos;e5c75ed026a&amp;apos;
System info: host: &amp;apos;DESKTOP-MHD5K99&amp;apos;, ip: &amp;apos;192.168.29.227&amp;apos;, os.name: &amp;apos;Windows 11&amp;apos;, os.arch: &amp;apos;amd64&amp;apos;, os.version: &amp;apos;10.0&amp;apos;, java.version: &amp;apos;20.0.1&amp;apos;
Driver info: org.openqa.selenium.chrome.ChromeDriver
Command: [18c24707a3b93451d2dfd2f743272d4e, close {}]
Capabilities {acceptInsecureCerts: false, browserName: chrome, browserVersion: 115.0.5790.110, chrome: {chromedriverVersion: 114.0.5735.90 (386bc09e8f4f..., userDataDir: C:\Users\Lenovo\AppData\Loc...}, goog:chromeOptions: {debuggerAddress: localhost:64522}, networkConnectionEnabled: false, pageLoadStrategy: normal, platformName: WINDOWS, proxy: Proxy(), se:cdp: ws://localhost:64522/devtoo..., se:cdpVersion: 115.0.5790.110, setWindowRect: true, strictFileInteractability: false, timeouts: {implicit: 0, pageLoad: 300000, script: 30000}, unhandledPromptBehavior: dismiss and notify, webauthn:extension:credBlob: true, webauthn:extension:largeBlob: true, webauthn:extension:minPinLength: true, webauthn:extension:prf: true, webauthn:virtualAuthenticators: true}
Session ID: 18c24707a3b93451d2dfd2f743272d4e">
      <![CDATA[org.openqa.selenium.WebDriverException: disconnected: not connected to DevTools
  (failed to check if window was closed: disconnected: not connected to DevTools)
  (Session info: chrome=115.0.5790.110)
Build info: version: '4.4.0', revision: 'e5c75ed026a'
System info: host: 'DESKTOP-MHD5K99', ip: '192.168.29.227', os.name: 'Windows 11', os.arch: 'amd64', os.version: '10.0', java.version: '20.0.1'
Driver info: org.openqa.selenium.chrome.ChromeDriver
Command: [18c24707a3b93451d2dfd2f743272d4e, close {}]
Capabilities {acceptInsecureCerts: false, browserName: chrome, browserVersion: 115.0.5790.110, chrome: {chromedriverVersion: 114.0.5735.90 (386bc09e8f4f..., userDataDir: C:\Users\Lenovo\AppData\Loc...}, goog:chromeOptions: {debuggerAddress: localhost:64522}, networkConnectionEnabled: false, pageLoadStrategy: normal, platformName: WINDOWS, proxy: Proxy(), se:cdp: ws://localhost:64522/devtoo..., se:cdpVersion: 115.0.5790.110, setWindowRect: true, strictFileInteractability: false, timeouts: {implicit: 0, pageLoad: 300000, script: 30000}, unhandledPromptBehavior: dismiss and notify, webauthn:extension:credBlob: true, webauthn:extension:largeBlob: true, webauthn:extension:minPinLength: true, webauthn:extension:prf: true, webauthn:virtualAuthenticators: true}
Session ID: 18c24707a3b93451d2dfd2f743272d4e
at org.openqa.selenium.remote.codec.w3c.W3CHttpResponseCodec.createException(W3CHttpResponseCodec.java:200)
at org.openqa.selenium.remote.codec.w3c.W3CHttpResponseCodec.decode(W3CHttpResponseCodec.java:133)
at org.openqa.selenium.remote.codec.w3c.W3CHttpResponseCodec.decode(W3CHttpResponseCodec.java:53)
at org.openqa.selenium.remote.HttpCommandExecutor.execute(HttpCommandExecutor.java:184)
at org.openqa.selenium.remote.service.DriverCommandExecutor.invokeExecute(DriverCommandExecutor.java:167)
at org.openqa.selenium.remote.service.DriverCommandExecutor.execute(DriverCommandExecutor.java:142)
at org.openqa.selenium.remote.RemoteWebDriver.execute(RemoteWebDriver.java:547)
at org.openqa.selenium.remote.RemoteWebDriver.execute(RemoteWebDriver.java:602)
at org.openqa.selenium.remote.RemoteWebDriver.execute(RemoteWebDriver.java:606)
at org.openqa.selenium.remote.RemoteWebDriver.close(RemoteWebDriver.java:432)
at Regression.BaseClass.closeBrowser(BaseClass.java:69)
at java.base/java.util.ArrayList.forEach(ArrayList.java:1511)
... Removed 27 stack frames]]>
    </failure>
  </testcase> <!-- @AfterClass closeBrowser -->
  <testcase classname="Regression.Verify_ProjectSetup_Projects" name="Create_DepartmentAndProject" time="25.062"/>
  <testcase classname="Regression.Verify_ProjectSetup_Projects" name="editProject" time="12.024"/>
  <testcase classname="Regression.Verify_Role" name="createRole" time="13.846"/>
  <testcase classname="Regression.Verify_Role" name="editRole" time="13.036"/>
  <testcase classname="Regression.Verify_ProjectSetup_Users" name="createUser" time="41.463"/>
  <testcase classname="Regression.Verify_ProjectSetup_Users" name="editUser" time="31.157">
    <failure type="org.openqa.selenium.TimeoutException" message="Expected condition failed: waiting for visibility of Proxy element for: DefaultElementLocator &amp;apos;By.xpath: //div[text()=&amp;apos;Project Setup&amp;apos;]&amp;apos; (tried for 10 second(s) with 500 milliseconds interval)">
      <![CDATA[org.openqa.selenium.TimeoutException: Expected condition failed: waiting for visibility of Proxy element for: DefaultElementLocator 'By.xpath: //div[text()='Project Setup']' (tried for 10 second(s) with 500 milliseconds interval)
at org.openqa.selenium.support.ui.WebDriverWait.timeoutException(WebDriverWait.java:87)
at org.openqa.selenium.support.ui.FluentWait.until(FluentWait.java:231)
at utility.Wait.explicitWait(Wait.java:16)
at Regression.ProjectSetup_Users.editUser(ProjectSetup_Users.java:224)
at Regression.Verify_ProjectSetup_Users.editUser(Verify_ProjectSetup_Users.java:41)
at java.base/java.util.ArrayList.forEach(ArrayList.java:1511)
Caused by: org.openqa.selenium.NoSuchElementException: no such element: Unable to locate element: {"method":"xpath","selector":"//div[text()='Project Setup']"}
  (Session info: chrome=115.0.5790.110)
For documentation on this error, please visit: https://selenium.dev/exceptions/#no_such_element
Build info: version: '4.4.0', revision: 'e5c75ed026a'
System info: host: 'DESKTOP-MHD5K99', ip: '192.168.29.227', os.name: 'Windows 11', os.arch: 'amd64', os.version: '10.0', java.version: '20.0.1'
Driver info: org.openqa.selenium.chrome.ChromeDriver
Command: [103a0e7190504b165941756fcb126508, findElement {using=xpath, value=//div[text()='Project Setup']}]
Capabilities {acceptInsecureCerts: false, browserName: chrome, browserVersion: 115.0.5790.110, chrome: {chromedriverVersion: 114.0.5735.90 (386bc09e8f4f..., userDataDir: C:\Users\Lenovo\AppData\Loc...}, goog:chromeOptions: {debuggerAddress: localhost:64748}, networkConnectionEnabled: false, pageLoadStrategy: normal, platformName: WINDOWS, proxy: Proxy(), se:cdp: ws://localhost:64748/devtoo..., se:cdpVersion: 115.0.5790.110, setWindowRect: true, strictFileInteractability: false, timeouts: {implicit: 0, pageLoad: 300000, script: 30000}, unhandledPromptBehavior: dismiss and notify, webauthn:extension:credBlob: true, webauthn:extension:largeBlob: true, webauthn:extension:minPinLength: true, webauthn:extension:prf: true, webauthn:virtualAuthenticators: true}
Session ID: 103a0e7190504b165941756fcb126508
at org.openqa.selenium.remote.codec.w3c.W3CHttpResponseCodec.createException(W3CHttpResponseCodec.java:200)
at org.openqa.selenium.remote.codec.w3c.W3CHttpResponseCodec.decode(W3CHttpResponseCodec.java:133)
at org.openqa.selenium.remote.codec.w3c.W3CHttpResponseCodec.decode(W3CHttpResponseCodec.java:53)
at org.openqa.selenium.remote.HttpCommandExecutor.execute(HttpCommandExecutor.java:184)
at org.openqa.selenium.remote.service.DriverCommandExecutor.invokeExecute(DriverCommandExecutor.java:167)
at org.openqa.selenium.remote.service.DriverCommandExecutor.execute(DriverCommandExecutor.java:142)
at org.openqa.selenium.remote.RemoteWebDriver.execute(RemoteWebDriver.java:547)
at org.openqa.selenium.remote.ElementLocation$ElementFinder$2.findElement(ElementLocation.java:162)
at org.openqa.selenium.remote.ElementLocation.findElement(ElementLocation.java:60)
at org.openqa.selenium.remote.RemoteWebDriver.findElement(RemoteWebDriver.java:365)
at org.openqa.selenium.remote.RemoteWebDriver.findElement(RemoteWebDriver.java:357)
at org.openqa.selenium.support.pagefactory.DefaultElementLocator.findElement(DefaultElementLocator.java:70)
at org.openqa.selenium.support.pagefactory.internal.LocatingElementHandler.invoke(LocatingElementHandler.java:39)
at jdk.proxy2/jdk.proxy2.$Proxy19.isDisplayed(Unknown Source)
at org.openqa.selenium.support.ui.ExpectedConditions.elementIfVisible(ExpectedConditions.java:307)
at org.openqa.selenium.support.ui.ExpectedConditions.access$000(ExpectedConditions.java:40)
at org.openqa.selenium.support.ui.ExpectedConditions$10.apply(ExpectedConditions.java:293)
at org.openqa.selenium.support.ui.ExpectedConditions$10.apply(ExpectedConditions.java:290)
at org.openqa.selenium.support.ui.FluentWait.until(FluentWait.java:208)
... 29 more
... Removed 28 stack frames]]>
    </failure>
  </testcase> <!-- editUser -->
  <testcase classname="Regression.Verify_LeadSource" name="create_Lead_Source" time="11.102"/>
  <testcase classname="Regression.Verify_LeadSource" name="edit_Lead_Source" time="10.996"/>
  <testcase classname="Regression.Verify_Overall_Cost_types" name="createOverallCostTypes" time="14.177"/>
  <testcase classname="Regression.Verify_Overall_Cost_types" name="editOverallCostTypes" time="10.267"/>
  <testcase classname="Regression.Verify_Term_Conditions" name="createTermAndConditons" time="30.883">
    <failure type="java.lang.IndexOutOfBoundsException" message="Index 0 out of bounds for length 0">
      <![CDATA[java.lang.IndexOutOfBoundsException: Index 0 out of bounds for length 0
at java.base/jdk.internal.util.Preconditions.outOfBounds(Preconditions.java:100)
at java.base/jdk.internal.util.Preconditions.outOfBoundsCheckIndex(Preconditions.java:106)
at java.base/jdk.internal.util.Preconditions.checkIndex(Preconditions.java:302)
at java.base/java.util.Objects.checkIndex(Objects.java:385)
at java.base/java.util.ArrayList.get(ArrayList.java:427)
at Regression.ProjectSetup_TermAndCondition.addTermAndConditions(ProjectSetup_TermAndCondition.java:151)
at Regression.Verify_Term_Conditions.createTermAndConditons(Verify_Term_Conditions.java:19)
at java.base/java.util.ArrayList.forEach(ArrayList.java:1511)
... Removed 25 stack frames]]>
    </failure>
  </testcase> <!-- createTermAndConditons -->
  <testcase classname="Regression.Verify_Term_Conditions" name="editTermAndConditons" time="13.244"/>
  <testcase classname="Regression.Verify_PropertyType" name="createPropertyType" time="11.773"/>
  <testcase classname="Regression.Verify_PropertyType" name="editPropertyType" time="12.469"/>
  <testcase classname="Regression.Verify_ProjectBlocks" name="createProjectBlocks" time="19.414"/>
  <testcase classname="Regression.Verify_ProjectBlocks" name="editProjectBlocks" time="11.643"/>
  <testcase classname="Regression.Verify_Properties_Features" name="create_feaure" time="10.597"/>
  <testcase classname="Regression.Verify_Properties_Features" name="edit_feature" time="10.228"/>
  <testcase classname="Regression.Verify_Properties_PropertyPriceAndStatus" name="create_Properties" time="25.534"/>
  <testcase classname="Regression.Verify_Properties_PropertyPriceAndStatus" name="edit_Properties" time="17.97"/>
  <testcase classname="Regression.Verify_Offer" name="edit_offer_OfferTypIsAreaWise" time="1.666">
    <failure type="org.openqa.selenium.StaleElementReferenceException" message="stale element reference: stale element not found
  (Session info: chrome=115.0.5790.110)
For documentation on this error, please visit: https://selenium.dev/exceptions/#stale_element_reference
Build info: version: &amp;apos;4.4.0&amp;apos;, revision: &amp;apos;e5c75ed026a&amp;apos;
System info: host: &amp;apos;DESKTOP-MHD5K99&amp;apos;, ip: &amp;apos;192.168.29.227&amp;apos;, os.name: &amp;apos;Windows 11&amp;apos;, os.arch: &amp;apos;amd64&amp;apos;, os.version: &amp;apos;10.0&amp;apos;, java.version: &amp;apos;20.0.1&amp;apos;
Driver info: org.openqa.selenium.chrome.ChromeDriver
Command: [6ea05eee341c37e3e4a95c97544e468d, actions {actions=[org.openqa.selenium.interactions.Sequence@7ca46aaf]}]
Capabilities {acceptInsecureCerts: false, browserName: chrome, browserVersion: 115.0.5790.110, chrome: {chromedriverVersion: 114.0.5735.90 (386bc09e8f4f..., userDataDir: C:\Users\Lenovo\AppData\Loc...}, goog:chromeOptions: {debuggerAddress: localhost:49377}, networkConnectionEnabled: false, pageLoadStrategy: normal, platformName: WINDOWS, proxy: Proxy(), se:cdp: ws://localhost:49377/devtoo..., se:cdpVersion: 115.0.5790.110, setWindowRect: true, strictFileInteractability: false, timeouts: {implicit: 0, pageLoad: 300000, script: 30000}, unhandledPromptBehavior: dismiss and notify, webauthn:extension:credBlob: true, webauthn:extension:largeBlob: true, webauthn:extension:minPinLength: true, webauthn:extension:prf: true, webauthn:virtualAuthenticators: true}
Session ID: 6ea05eee341c37e3e4a95c97544e468d">
      <![CDATA[org.openqa.selenium.StaleElementReferenceException: stale element reference: stale element not found
  (Session info: chrome=115.0.5790.110)
For documentation on this error, please visit: https://selenium.dev/exceptions/#stale_element_reference
Build info: version: '4.4.0', revision: 'e5c75ed026a'
System info: host: 'DESKTOP-MHD5K99', ip: '192.168.29.227', os.name: 'Windows 11', os.arch: 'amd64', os.version: '10.0', java.version: '20.0.1'
Driver info: org.openqa.selenium.chrome.ChromeDriver
Command: [6ea05eee341c37e3e4a95c97544e468d, actions {actions=[org.openqa.selenium.interactions.Sequence@7ca46aaf]}]
Capabilities {acceptInsecureCerts: false, browserName: chrome, browserVersion: 115.0.5790.110, chrome: {chromedriverVersion: 114.0.5735.90 (386bc09e8f4f..., userDataDir: C:\Users\Lenovo\AppData\Loc...}, goog:chromeOptions: {debuggerAddress: localhost:49377}, networkConnectionEnabled: false, pageLoadStrategy: normal, platformName: WINDOWS, proxy: Proxy(), se:cdp: ws://localhost:49377/devtoo..., se:cdpVersion: 115.0.5790.110, setWindowRect: true, strictFileInteractability: false, timeouts: {implicit: 0, pageLoad: 300000, script: 30000}, unhandledPromptBehavior: dismiss and notify, webauthn:extension:credBlob: true, webauthn:extension:largeBlob: true, webauthn:extension:minPinLength: true, webauthn:extension:prf: true, webauthn:virtualAuthenticators: true}
Session ID: 6ea05eee341c37e3e4a95c97544e468d
at org.openqa.selenium.remote.codec.w3c.W3CHttpResponseCodec.createException(W3CHttpResponseCodec.java:200)
at org.openqa.selenium.remote.codec.w3c.W3CHttpResponseCodec.decode(W3CHttpResponseCodec.java:133)
at org.openqa.selenium.remote.codec.w3c.W3CHttpResponseCodec.decode(W3CHttpResponseCodec.java:53)
at org.openqa.selenium.remote.HttpCommandExecutor.execute(HttpCommandExecutor.java:184)
at org.openqa.selenium.remote.service.DriverCommandExecutor.invokeExecute(DriverCommandExecutor.java:167)
at org.openqa.selenium.remote.service.DriverCommandExecutor.execute(DriverCommandExecutor.java:142)
at org.openqa.selenium.remote.RemoteWebDriver.execute(RemoteWebDriver.java:547)
at org.openqa.selenium.remote.RemoteWebDriver.perform(RemoteWebDriver.java:615)
at org.openqa.selenium.interactions.Actions$BuiltAction.perform(Actions.java:567)
at Regression.Properties_Offers.editOffters(Properties_Offers.java:242)
at Regression.Verify_Offer.edit_offer_OfferTypIsAreaWise(Verify_Offer.java:23)
at java.base/java.util.ArrayList.forEach(ArrayList.java:1511)
... Removed 28 stack frames]]>
    </failure>
  </testcase> <!-- edit_offer_OfferTypIsAreaWise -->
  <testcase classname="Regression.Verify_Lead" name="createLead" time="16.533">
    <failure type="org.openqa.selenium.ElementClickInterceptedException" message="element click intercepted: Element &amp;lt;mat-icon _ngcontent-sot-c217=&amp;quot;&amp;quot; role=&amp;quot;img&amp;quot; aria-hidden=&amp;quot;false&amp;quot; aria-label=&amp;quot;Example home icon&amp;quot; class=&amp;quot;mat-icon notranslate add-profession material-icons mat-icon-no-color ng-star-inserted&amp;quot; data-mat-icon-type=&amp;quot;font&amp;quot;&amp;gt;...&amp;lt;/mat-icon&amp;gt; is not clickable at point (1240, 544). Other element would receive the click: &amp;lt;iframe src=&amp;quot;about:blank&amp;quot; frameborder=&amp;quot;0&amp;quot; scrolling=&amp;quot;no&amp;quot; width=&amp;quot;124px&amp;quot; height=&amp;quot;95px&amp;quot; style=&amp;quot;outline:none !important; visibility:visible !important; resize:none !important; box-shadow:none !important; overflow:visible !important; background:none !important; opacity:1 !important; filter:alpha(opacity=100) !important; -ms-filter:progid:DXImageTransform.Microsoft.Alpha(Opacity 1}) !important; -mz-opacity:1 !important; -khtml-opacity:1 !important; top:auto !important; right:0px !important; bottom:30px !important; left:auto !important; position:fixed !important; border:0 !important; min-height:95px !important; min-width:124px !important; max-height:95px !important; max-width:124px !important; padding:0 !important; margin:0px 0 0 0 !important; -moz-transition-property:none !important; -webkit-transition-property:none !important; -o-transition-property:none !important; transition-property:none !important; transform:rotate(0deg) translateZ(0); -webkit-transform:rotate(0deg) translateZ(0); -ms-transform:rotate(0deg) translateZ(0); width:124px !important; height:95px !important; display:block !important; z-index:1000002 !important; background-color:transparent !important; cursor:none !important; float:none !important; border-radius:unset !important; pointer-events:auto !important; clip:auto !important; color-scheme:light !important; -moz-transform:rotate(0deg) translateZ(0); -o-transform:rotate(0deg) translateZ(0); transform-origin:0; -moz-transform-origin:0; -webkit-transform-origin:0; -o-transform-origin:0; -ms-transform-origin:0;&amp;quot; id=&amp;quot;w4jqu10cu891690899552122&amp;quot; class=&amp;quot;&amp;quot; title=&amp;quot;chat widget&amp;quot;&amp;gt;&amp;lt;/iframe&amp;gt;
  (Session info: chrome=115.0.5790.110)
Build info: version: &amp;apos;4.4.0&amp;apos;, revision: &amp;apos;e5c75ed026a&amp;apos;
System info: host: &amp;apos;DESKTOP-MHD5K99&amp;apos;, ip: &amp;apos;192.168.29.227&amp;apos;, os.name: &amp;apos;Windows 11&amp;apos;, os.arch: &amp;apos;amd64&amp;apos;, os.version: &amp;apos;10.0&amp;apos;, java.version: &amp;apos;20.0.1&amp;apos;
Driver info: org.openqa.selenium.chrome.ChromeDriver
Command: [cd655328b38331b4922174b4c45ddcff, clickElement {id=90475147AC817C8A4E15B138574D1E3A_element_212}]
Capabilities {acceptInsecureCerts: false, browserName: chrome, browserVersion: 115.0.5790.110, chrome: {chromedriverVersion: 114.0.5735.90 (386bc09e8f4f..., userDataDir: C:\Users\Lenovo\AppData\Loc...}, goog:chromeOptions: {debuggerAddress: localhost:49480}, networkConnectionEnabled: false, pageLoadStrategy: normal, platformName: WINDOWS, proxy: Proxy(), se:cdp: ws://localhost:49480/devtoo..., se:cdpVersion: 115.0.5790.110, setWindowRect: true, strictFileInteractability: false, timeouts: {implicit: 0, pageLoad: 300000, script: 30000}, unhandledPromptBehavior: dismiss and notify, webauthn:extension:credBlob: true, webauthn:extension:largeBlob: true, webauthn:extension:minPinLength: true, webauthn:extension:prf: true, webauthn:virtualAuthenticators: true}
Element: [[ChromeDriver: chrome on WINDOWS (cd655328b38331b4922174b4c45ddcff)] -&amp;gt; xpath: //mat-icon[text()=&amp;apos;add_circle&amp;apos;]]
Session ID: cd655328b38331b4922174b4c45ddcff">
      <![CDATA[org.openqa.selenium.ElementClickInterceptedException: element click intercepted: Element <mat-icon _ngcontent-sot-c217="" role="img" aria-hidden="false" aria-label="Example home icon" class="mat-icon notranslate add-profession material-icons mat-icon-no-color ng-star-inserted" data-mat-icon-type="font">...</mat-icon> is not clickable at point (1240, 544). Other element would receive the click: <iframe src="about:blank" frameborder="0" scrolling="no" width="124px" height="95px" style="outline:none !important; visibility:visible !important; resize:none !important; box-shadow:none !important; overflow:visible !important; background:none !important; opacity:1 !important; filter:alpha(opacity=100) !important; -ms-filter:progid:DXImageTransform.Microsoft.Alpha(Opacity 1}) !important; -mz-opacity:1 !important; -khtml-opacity:1 !important; top:auto !important; right:0px !important; bottom:30px !important; left:auto !important; position:fixed !important; border:0 !important; min-height:95px !important; min-width:124px !important; max-height:95px !important; max-width:124px !important; padding:0 !important; margin:0px 0 0 0 !important; -moz-transition-property:none !important; -webkit-transition-property:none !important; -o-transition-property:none !important; transition-property:none !important; transform:rotate(0deg) translateZ(0); -webkit-transform:rotate(0deg) translateZ(0); -ms-transform:rotate(0deg) translateZ(0); width:124px !important; height:95px !important; display:block !important; z-index:1000002 !important; background-color:transparent !important; cursor:none !important; float:none !important; border-radius:unset !important; pointer-events:auto !important; clip:auto !important; color-scheme:light !important; -moz-transform:rotate(0deg) translateZ(0); -o-transform:rotate(0deg) translateZ(0); transform-origin:0; -moz-transform-origin:0; -webkit-transform-origin:0; -o-transform-origin:0; -ms-transform-origin:0;" id="w4jqu10cu891690899552122" class="" title="chat widget"></iframe>
  (Session info: chrome=115.0.5790.110)
Build info: version: '4.4.0', revision: 'e5c75ed026a'
System info: host: 'DESKTOP-MHD5K99', ip: '192.168.29.227', os.name: 'Windows 11', os.arch: 'amd64', os.version: '10.0', java.version: '20.0.1'
Driver info: org.openqa.selenium.chrome.ChromeDriver
Command: [cd655328b38331b4922174b4c45ddcff, clickElement {id=90475147AC817C8A4E15B138574D1E3A_element_212}]
Capabilities {acceptInsecureCerts: false, browserName: chrome, browserVersion: 115.0.5790.110, chrome: {chromedriverVersion: 114.0.5735.90 (386bc09e8f4f..., userDataDir: C:\Users\Lenovo\AppData\Loc...}, goog:chromeOptions: {debuggerAddress: localhost:49480}, networkConnectionEnabled: false, pageLoadStrategy: normal, platformName: WINDOWS, proxy: Proxy(), se:cdp: ws://localhost:49480/devtoo..., se:cdpVersion: 115.0.5790.110, setWindowRect: true, strictFileInteractability: false, timeouts: {implicit: 0, pageLoad: 300000, script: 30000}, unhandledPromptBehavior: dismiss and notify, webauthn:extension:credBlob: true, webauthn:extension:largeBlob: true, webauthn:extension:minPinLength: true, webauthn:extension:prf: true, webauthn:virtualAuthenticators: true}
Element: [[ChromeDriver: chrome on WINDOWS (cd655328b38331b4922174b4c45ddcff)] -> xpath: //mat-icon[text()='add_circle']]
Session ID: cd655328b38331b4922174b4c45ddcff
at org.openqa.selenium.remote.codec.w3c.W3CHttpResponseCodec.createException(W3CHttpResponseCodec.java:200)
at org.openqa.selenium.remote.codec.w3c.W3CHttpResponseCodec.decode(W3CHttpResponseCodec.java:133)
at org.openqa.selenium.remote.codec.w3c.W3CHttpResponseCodec.decode(W3CHttpResponseCodec.java:53)
at org.openqa.selenium.remote.HttpCommandExecutor.execute(HttpCommandExecutor.java:184)
at org.openqa.selenium.remote.service.DriverCommandExecutor.invokeExecute(DriverCommandExecutor.java:167)
at org.openqa.selenium.remote.service.DriverCommandExecutor.execute(DriverCommandExecutor.java:142)
at org.openqa.selenium.remote.RemoteWebDriver.execute(RemoteWebDriver.java:547)
at org.openqa.selenium.remote.RemoteWebElement.execute(RemoteWebElement.java:257)
at org.openqa.selenium.remote.RemoteWebElement.click(RemoteWebElement.java:78)
at org.openqa.selenium.support.pagefactory.internal.LocatingElementHandler.invoke(LocatingElementHandler.java:52)
at jdk.proxy2/jdk.proxy2.$Proxy19.click(Unknown Source)
at Regression.Lead.createLeadProfession(Lead.java:212)
at Regression.Verify_Lead.createLead(Verify_Lead.java:23)
at java.base/java.util.ArrayList.forEach(ArrayList.java:1511)
... Removed 30 stack frames]]>
    </failure>
  </testcase> <!-- createLead -->
  <testcase classname="Regression.Verify_Direct_Customer" name="create_Customer_with_payment_type_is_one_time" time="16.859">
    <failure type="org.openqa.selenium.NoSuchElementException" message="no such element: Unable to locate element: {&amp;quot;method&amp;quot;:&amp;quot;xpath&amp;quot;,&amp;quot;selector&amp;quot;:&amp;quot;//button[@routerlink= &amp;apos;add-customer&amp;apos;]&amp;quot;}
  (Session info: chrome=115.0.5790.110)
For documentation on this error, please visit: https://selenium.dev/exceptions/#no_such_element
Build info: version: &amp;apos;4.4.0&amp;apos;, revision: &amp;apos;e5c75ed026a&amp;apos;
System info: host: &amp;apos;DESKTOP-MHD5K99&amp;apos;, ip: &amp;apos;192.168.29.227&amp;apos;, os.name: &amp;apos;Windows 11&amp;apos;, os.arch: &amp;apos;amd64&amp;apos;, os.version: &amp;apos;10.0&amp;apos;, java.version: &amp;apos;20.0.1&amp;apos;
Driver info: org.openqa.selenium.chrome.ChromeDriver
Command: [2b88c45df5d192c17291cd5f57688782, findElement {using=xpath, value=//button[@routerlink= &amp;apos;add-customer&amp;apos;]}]
Capabilities {acceptInsecureCerts: false, browserName: chrome, browserVersion: 115.0.5790.110, chrome: {chromedriverVersion: 114.0.5735.90 (386bc09e8f4f..., userDataDir: C:\Users\Lenovo\AppData\Loc...}, goog:chromeOptions: {debuggerAddress: localhost:49577}, networkConnectionEnabled: false, pageLoadStrategy: normal, platformName: WINDOWS, proxy: Proxy(), se:cdp: ws://localhost:49577/devtoo..., se:cdpVersion: 115.0.5790.110, setWindowRect: true, strictFileInteractability: false, timeouts: {implicit: 0, pageLoad: 300000, script: 30000}, unhandledPromptBehavior: dismiss and notify, webauthn:extension:credBlob: true, webauthn:extension:largeBlob: true, webauthn:extension:minPinLength: true, webauthn:extension:prf: true, webauthn:virtualAuthenticators: true}
Session ID: 2b88c45df5d192c17291cd5f57688782">
      <![CDATA[org.openqa.selenium.NoSuchElementException: no such element: Unable to locate element: {"method":"xpath","selector":"//button[@routerlink= 'add-customer']"}
  (Session info: chrome=115.0.5790.110)
For documentation on this error, please visit: https://selenium.dev/exceptions/#no_such_element
Build info: version: '4.4.0', revision: 'e5c75ed026a'
System info: host: 'DESKTOP-MHD5K99', ip: '192.168.29.227', os.name: 'Windows 11', os.arch: 'amd64', os.version: '10.0', java.version: '20.0.1'
Driver info: org.openqa.selenium.chrome.ChromeDriver
Command: [2b88c45df5d192c17291cd5f57688782, findElement {using=xpath, value=//button[@routerlink= 'add-customer']}]
Capabilities {acceptInsecureCerts: false, browserName: chrome, browserVersion: 115.0.5790.110, chrome: {chromedriverVersion: 114.0.5735.90 (386bc09e8f4f..., userDataDir: C:\Users\Lenovo\AppData\Loc...}, goog:chromeOptions: {debuggerAddress: localhost:49577}, networkConnectionEnabled: false, pageLoadStrategy: normal, platformName: WINDOWS, proxy: Proxy(), se:cdp: ws://localhost:49577/devtoo..., se:cdpVersion: 115.0.5790.110, setWindowRect: true, strictFileInteractability: false, timeouts: {implicit: 0, pageLoad: 300000, script: 30000}, unhandledPromptBehavior: dismiss and notify, webauthn:extension:credBlob: true, webauthn:extension:largeBlob: true, webauthn:extension:minPinLength: true, webauthn:extension:prf: true, webauthn:virtualAuthenticators: true}
Session ID: 2b88c45df5d192c17291cd5f57688782
at org.openqa.selenium.remote.codec.w3c.W3CHttpResponseCodec.createException(W3CHttpResponseCodec.java:200)
at org.openqa.selenium.remote.codec.w3c.W3CHttpResponseCodec.decode(W3CHttpResponseCodec.java:133)
at org.openqa.selenium.remote.codec.w3c.W3CHttpResponseCodec.decode(W3CHttpResponseCodec.java:53)
at org.openqa.selenium.remote.HttpCommandExecutor.execute(HttpCommandExecutor.java:184)
at org.openqa.selenium.remote.service.DriverCommandExecutor.invokeExecute(DriverCommandExecutor.java:167)
at org.openqa.selenium.remote.service.DriverCommandExecutor.execute(DriverCommandExecutor.java:142)
at org.openqa.selenium.remote.RemoteWebDriver.execute(RemoteWebDriver.java:547)
at org.openqa.selenium.remote.ElementLocation$ElementFinder$2.findElement(ElementLocation.java:162)
at org.openqa.selenium.remote.ElementLocation.findElement(ElementLocation.java:60)
at org.openqa.selenium.remote.RemoteWebDriver.findElement(RemoteWebDriver.java:365)
at org.openqa.selenium.remote.RemoteWebDriver.findElement(RemoteWebDriver.java:357)
at org.openqa.selenium.support.pagefactory.DefaultElementLocator.findElement(DefaultElementLocator.java:70)
at org.openqa.selenium.support.pagefactory.internal.LocatingElementHandler.invoke(LocatingElementHandler.java:39)
at jdk.proxy2/jdk.proxy2.$Proxy19.click(Unknown Source)
at Regression.Direct_Customer.add_Customer_Button(Direct_Customer.java:416)
at Regression.Verify_Direct_Customer.create_Customer_with_payment_type_is_one_time(Verify_Direct_Customer.java:13)
at java.base/java.util.ArrayList.forEach(ArrayList.java:1511)
... Removed 28 stack frames]]>
    </failure>
  </testcase> <!-- create_Customer_with_payment_type_is_one_time -->
  <testcase classname="Regression.BaseClass" name="@BeforeSuite setup_ExtendReport" time="0.0">
    <ignored/>
  </testcase> <!-- @BeforeSuite setup_ExtendReport -->
  <testcase classname="Regression.BaseClass" name="@BeforeSuite setup_ExtendReport" time="0.0">
    <ignored/>
  </testcase> <!-- @BeforeSuite setup_ExtendReport -->
  <testcase classname="Regression.BaseClass" name="@BeforeSuite setup_ExtendReport" time="0.0">
    <ignored/>
  </testcase> <!-- @BeforeSuite setup_ExtendReport -->
  <testcase classname="Regression.BaseClass" name="@BeforeSuite setup_ExtendReport" time="0.0">
    <ignored/>
  </testcase> <!-- @BeforeSuite setup_ExtendReport -->
  <testcase classname="Regression.BaseClass" name="@BeforeSuite setup_ExtendReport" time="0.0">
    <ignored/>
  </testcase> <!-- @BeforeSuite setup_ExtendReport -->
  <testcase classname="Regression.BaseClass" name="@BeforeSuite setup_ExtendReport" time="0.0">
    <ignored/>
  </testcase> <!-- @BeforeSuite setup_ExtendReport -->
  <testcase classname="Regression.BaseClass" name="@BeforeSuite setup_ExtendReport" time="0.0">
    <ignored/>
  </testcase> <!-- @BeforeSuite setup_ExtendReport -->
  <testcase classname="Regression.BaseClass" name="@BeforeSuite setup_ExtendReport" time="0.0">
    <ignored/>
  </testcase> <!-- @BeforeSuite setup_ExtendReport -->
  <testcase classname="Regression.BaseClass" name="@BeforeSuite setup_ExtendReport" time="0.0">
    <ignored/>
  </testcase> <!-- @BeforeSuite setup_ExtendReport -->
  <testcase classname="Regression.BaseClass" name="@BeforeSuite setup_ExtendReport" time="0.0">
    <ignored/>
  </testcase> <!-- @BeforeSuite setup_ExtendReport -->
  <testcase classname="Regression.BaseClass" name="@BeforeSuite setup_ExtendReport" time="0.0">
    <ignored/>
  </testcase> <!-- @BeforeSuite setup_ExtendReport -->
  <testcase classname="Regression.BaseClass" name="@BeforeSuite setup_ExtendReport" time="0.0">
    <ignored/>
  </testcase> <!-- @BeforeSuite setup_ExtendReport -->
</testsuite> <!-- Test -->
